<?xml version="1.0" encoding="UTF-8"?>
<!-- Generated by org.testng.reporters.JUnitReportReporter -->
<testsuite hostname="Smartgig" failures="0" tests="1" name="Rest_Assured.Login" time="5.878" errors="0" timestamp="2023-12-12T16:46:30 IST" skipped="0">
  <testcase classname="Rest_Assured.Login" name="LoginApi" time="5.878"/>
</testsuite> <!-- Rest_Assured.Login -->
