<?xml version="1.0" encoding="UTF-8"?>
<!-- Generated by org.testng.reporters.JUnitReportReporter -->
<testsuite hostname="Smartgig" failures="0" tests="1" name="Rest_Assured.Forgetpwd" time="1.693" errors="0" timestamp="2023-12-12T11:31:24 IST" skipped="0">
  <testcase classname="Rest_Assured.Forgetpwd" name="forgetpassword" time="1.693"/>
</testsuite> <!-- Rest_Assured.Forgetpwd -->
