<?xml version="1.0" encoding="UTF-8"?>
<!-- Generated by org.testng.reporters.JUnitReportReporter -->
<testsuite hostname="Smartgig" failures="0" tests="1" name="Rest_Assured.TypesList" time="2.784" errors="0" timestamp="2023-12-12T12:02:03 IST" skipped="0">
  <testcase classname="Rest_Assured.TypesList" name="list" time="2.784"/>
</testsuite> <!-- Rest_Assured.TypesList -->
