<?xml version="1.0" encoding="UTF-8"?>
<!-- Generated by org.testng.reporters.JUnitReportReporter -->
<testsuite hostname="Smartgig" failures="0" tests="1" name="Rest_Assured.UpdatePassword" time="3.779" errors="0" timestamp="2023-12-12T14:53:38 IST" skipped="0">
  <testcase classname="Rest_Assured.UpdatePassword" name="updatepwd" time="3.779"/>
</testsuite> <!-- Rest_Assured.UpdatePassword -->
