<?xml version="1.0" encoding="UTF-8"?>
<!-- Generated by org.testng.reporters.JUnitReportReporter -->
<testsuite hostname="Smartgig" failures="0" tests="1" name="Rest_Assured.Restfull_API" time="6.959" errors="0" timestamp="2023-12-11T17:22:03 IST" skipped="0">
  <testcase classname="Rest_Assured.Restfull_API" name="Login" time="6.959"/>
</testsuite> <!-- Rest_Assured.Restfull_API -->
