<?xml version="1.0" encoding="UTF-8"?>
<!-- Generated by org.testng.reporters.JUnitReportReporter -->
<testsuite hostname="Smartgig" failures="0" tests="1" name="Rest_Assured.AddSubCategory" time="2.838" errors="0" timestamp="2023-12-12T12:45:11 IST" skipped="0">
  <testcase classname="Rest_Assured.AddSubCategory" name="addSubCategory" time="2.838"/>
</testsuite> <!-- Rest_Assured.AddSubCategory -->
